15   # Linelist of stronger EUV and FUV lines for challenging IDs
554.075     OIV 554   0.224        0
629.730      OV 629   0.515        0
657.3400    SIV 657   1.18         0
677.7460   SIII 677   1.64         0
685.513    NIII 685   0.268        0
702.3320   OIII 702   1.37         0
724.2890   SIII 724   0.352        0
748.4000    SIV 748   0.500        0
765.148     NIV 765   0.616       99
786.48       SV 786   0.999        0
787.711     OIV 787   0.111       99
832.927    OIII 832   0.107        6
834.4655    OII 834   0.1320       6
949.7431     HI 949   0.013940     1
972.5368     HI 972   0.029000     1
977.020    CIII 977   0.7620       1
1025.7223    HI 1025  0.079120     1
1031.9261   OVI 1031  0.13290      1
1037.6167   OVI 1037  0.06609      1
1206.500  SiIII 1206  1.660        1
1215.6701    HI 1215  0.41640      1
