177            ## v3.0 -- JXP 06 Dec 2014 
401.14     NeVI 401   0.168        0
405.8538   NeII 405   0.0586       0
418.598     OII 418   0.00734      0
429.918     OII 429   0.0618       0
430.041    OII 430a   0.124        0
430.177    OII 430b   0.186        0
433.176    NeVI 433   0.0505       0
446.2556   NeII 446   0.0974       0
465.221   NeVII 465   0.389        0
475.6481    NII 475   0.119        0
489.505   NeIII 489   0.131        0
507.7178    HeI 507   0.00259      0
508.6431    HeI 508   0.00369      0
509.9979    HeI 509   0.00553      0
515.6165    HeI 515   0.0154       0
522.2128    HeI 522   0.0307       0
533.5099    NII 533   0.299        0
537.0296    HeI 537   0.0752       0
539.0855   OII 539a   0.0652       0
539.5489   OII 539b   0.0435       0
543.257     CII 543   0.0349       0
543.891    NeIV 543   0.116        0
553.330     OIV 553   0.112        0
554.075     OIV 554   0.224        0
609.79      MgX 609   0.0842       2
624.95      MgX 624   0.0410       2
629.730      OV 629   0.515        0
765.148     NIV 765   0.616       99
770.409  NeVIII 770   0.1030       0
780.324  NeVIII 780   0.0505       0
787.711     OIV 787   0.111       99
809.668     SIV 809   0.104        6
832.7572    OII 832   0.0444       6
832.927    OIII 832   0.107        6
833.3294    OII 833   0.0886       6
834.4655    OII 834   0.1320       6
844.288   FeIII 844   0.0684       6
858.0918    CII 858   0.0130       6
859.723   FeIII 859   0.115        6
877.7983     OI 877a  0.0197       6
877.8787     OI 877b  0.0589       0
889.7228   SiII 889   0.0434       6
903.6235    CII 903a  0.168        0
903.9616    CII 903b  0.336        0
906.885     SII 906   0.187        6
912.645      HI 912c  0.000048     1
912.703      HI 912d  0.000053     1
912.768      HI 912e  0.000058     1
912.839      HI 912f  0.000064     1
913.104      HI 913b  0.000089     1
912.918      HI 912g  0.000071     1
913.006      HI 913a  0.000080     1
913.215      HI 913c  0.000101     1
913.339      HI 913d  0.000114     1
913.480      HI 913e  0.000129     1
913.641      HI 913f  0.000148     1
913.826      HI 913g  0.000170     1
913.968    PIII 913   0.203100     0
914.039      HI 914a  0.000197     1
914.286      HI 914b  0.000230     1
914.576      HI 914c  0.000270     1
914.919      HI 914d  0.000321     1
915.329      HI 915a  0.000386     1
915.612     NII 915   0.1449       1
915.824      HI 915b  0.000469     1
916.429      HI 916   0.000577     1
917.118    PIII 917   0.404900     1
917.1806     HI 917   7.226e-4     1
918.1294     HI 918   0.000921     1
919.3514     HI 919   0.00120      1
920.9631     HI 920   0.001605     1
921.860      OI 921   0.001173     6
922.200      OI 922   0.00242      6
923.1504     HI 923   0.002216     1
924.952      OI 924   0.001534     6
925.442      OI 925   0.000350     6
926.2257     HI 926   0.003183     1
929.5168     OI 929   0.0022637    6
930.2566     OI 930   0.00532      6
930.7483     HI 930   0.004814     1
933.378     SVI 933   0.4414       1
936.6295     OI 936   0.003735     1
937.8035     HI 937   0.007799     1
944.523     SVI 944   0.2181       1
945.191      CI 945   1.522e-01   20 !Morton2003          
948.6855     OI 948   0.006446     1
949.4847     DI 949   0.013950     1
949.7431     HI 949   0.013940     1
950.8846     OI 950   0.001571     1
953.415      NI 953a  0.0132       3
953.655      NI 953b  0.0250       3
953.970      NI 953c  0.0348       3
954.826      FI 954   0.0863       1
963.801     PII 963   1.458000     1
963.9903     NI 963   0.01837      1
964.6256     NI 964   0.01180      1
965.0413     NI 965   0.005801     1
971.738      OI 971   0.014800     1
972.5368     HI 972   0.029000     1
976.4481     OI 976   0.0033       1
977.020    CIII 977   0.7620       1
988.5778     OI 988a  0.000553     3
988.6549     OI 988b  0.0083       3
988.7734     OI 988   0.0465       3
989.799    NIII 989   0.106600     1
989.8731   SiII 989   0.13300      1
998.000    PIII 998   0.00282      0
1012.502   SIII 1012  0.03550      1
1020.6989  SiII 1020  0.02828      1
1025.7223    HI 1025  0.079120     1
1025.762     OI 1025  0.020300     1
1031.9261   OVI 1031  0.13290      1
1036.3367   CII 1036  0.1231       1
1037.6167   OVI 1037  0.06609      1
1039.2304    OI 1039  0.009197     1
1062.662    SIV 1062  0.03999      1
1071.0358  ClII 1071  1.497E-2     1
1083.990    NII 1083  0.1031       1
1117.977     PV 1117  0.4732       1
1122.526  FeIII 1122  0.0539      16        ! Raasen & Uyelings
1128.008     PV 1128  0.2345       1
1144.9379  FeII 1144  0.1060       2       ! Howk 2000 
1152.818    PII 1152  0.236        1
1190.208   SIII 1190  0.02217      1
1190.4158  SiII 1190  0.25020      1
1193.2897  SiII 1193  0.49910      1
1199.5496    NI 1199  0.1300       1
1200.2233    NI 1200  0.08620      1
1200.7098    NI 1200c 0.04300      1
1206.500  SiIII 1206  1.660        1
1215.6701    HI 1215  0.41640      1
1238.821     NV 1238  0.1570       1
1242.804     NV 1242  0.078230     1
1253.811    SII 1253  0.01088      1
1259.519    SII 1259  0.01624      1
1260.4221  SiII 1260  1.0070       1
1264.7377  SiII* 1264 0.9034       1
1302.1685    OI 1302  0.04887      1
1304.3702  SiII 1304  0.0940       4
1317.217   NiII 1317  0.0571       1
1328.833     CI 1328  0.089802    22  !    Jenkins2006    
1334.5323   CII 1334  0.1278       1
1335.7077  CII* 1335  0.1149       1
1370.131   NiII 1370  0.0588       5    ! F&L (scaled by 0.534)
1393.755   SiIV 1393  0.5280       1
1402.770   SiIV 1402  0.2620       1
1526.7066  SiII 1526  0.1270       9     ! ApJ 504, 921
1548.195    CIV 1548  0.19080      1
1550.770    CIV 1550  0.095220     1
1608.4511  FeII 1608  0.0580      17    ! Bergeson et al. (1996b)
1656.928     CI 1656  0.148832   22  !   Jenkins2006                
1670.7874  AlII 1670  1.8800       1
1741.5531  NiII 1741  0.0427       7  ! Fedchak et al. (2000)
1808.0130  SiII 1808  0.002186    11  ! Bergeson & Lawler (1993)
1854.7164 AlIII 1854  0.5390       1
1862.7895 AlIII 1862  0.2680       1
2026.136   ZnII 2026  0.48900     13  ! Bergeson & Lawler (1993b)
2344.214   FeII 2344  0.1140       3  ! Morton (2003)
2374.4612  FeII 2374  0.0313       3  ! Morton (2003)
2382.765   FeII 2382  0.320        3  ! Morton (2003)
2586.6500  FeII 2586  0.0691      14  ! Bergeson et al. (1996)
2600.1729  FeII 2600  0.2390      14  ! Bergeson et al. (1996)
2796.352   MgII 2796  0.6123      15
2803.531   MgII 2803  0.3054      15
2852.9642   MgI 2852  1.8100       1
