31             ## v1.0 -- JXP 26 Dec 2014 
912.645      HI 912c  0.000048     1
912.703      HI 912d  0.000053     1
912.768      HI 912e  0.000058     1
912.839      HI 912f  0.000064     1
913.104      HI 913b  0.000089     1
912.918      HI 912g  0.000071     1
913.006      HI 913a  0.000080     1
913.215      HI 913c  0.000101     1
913.339      HI 913d  0.000114     1
913.480      HI 913e  0.000129     1
913.641      HI 913f  0.000148     1
913.826      HI 913g  0.000170     1
914.039      HI 914a  0.000197     1
914.286      HI 914b  0.000230     1
914.576      HI 914c  0.000270     1
914.919      HI 914d  0.000321     1
915.329      HI 915a  0.000386     1
915.824      HI 915b  0.000469     1
916.429      HI 916   0.000577     1
917.1806     HI 917   7.226e-4     1
918.1294     HI 918   0.000921     1
919.3514     HI 919   0.00120      1
920.9631     HI 920   0.001605     1
923.1504     HI 923   0.002216     1
926.2257     HI 926   0.003183     1
930.7483     HI 930   0.004814     1
937.8035     HI 937   0.007799     1
949.7431     HI 949   0.013940     1
972.5368     HI 972   0.029000     1
1025.7223    HI 1025  0.079120     1
1215.6701    HI 1215  0.41640      1
