40            ## v3.0 -- JXP 06 Dec 2014 
401.14     NeVI 401   0.168        0
405.8538   NeII 405   0.0586       0
418.598     OII 418   0.00734      0
429.918     OII 429   0.0618       0
430.041    OII 430a   0.124        0
430.177    OII 430b   0.186        0
433.176    NeVI 433   0.0505       0
446.2556   NeII 446   0.0974       0
465.221   NeVII 465   0.389        0
475.6481    NII 475   0.119        0
489.505   NeIII 489   0.131        0
507.7178    HeI 507   0.00259      0
508.6431    HeI 508   0.00369      0
509.9979    HeI 509   0.00553      0
515.6165    HeI 515   0.0154       0
522.2128    HeI 522   0.0307       0
533.5099    NII 533   0.299        0
537.0296    HeI 537   0.0752       0
539.0855   OII 539a   0.0652       0
539.5489   OII 539b   0.0435       0
543.257     CII 543   0.0349       0
543.891    NeIV 543   0.116        0
553.330     OIV 553   0.112        0
554.075     OIV 554   0.224        0
609.79      MgX 609   0.0842       2
624.95      MgX 624   0.0410       2
629.730      OV 629   0.515        0
765.148     NIV 765   0.616       99
770.409  NeVIII 770   0.1030       0
780.324  NeVIII 780   0.0505       0
787.711     OIV 787   0.111       99
809.668     SIV 809   0.104        6
832.927    OIII 832   0.107        6
834.4655    OII 834   0.1320       6
949.7431     HI 949   0.013940     1
972.5368     HI 972   0.029000     1
977.020    CIII 977   0.7620       1
1025.7223    HI 1025  0.079120     1
1031.9261   OVI 1031  0.13290      1
1037.6167   OVI 1037  0.06609      1
