139            ## v3.0 -- JXP 06 Dec 2014 
465.221   NeVII 465   0.389        0
507.3910   OIII 507   0.185        0
554.075     OIV 554   0.224        0
584.334     HeI 584   0.285        0
629.730      OV 629   0.515        0
657.3400    SIV 657   1.18         0
677.7460   SIII 677   1.64         0
702.3320   OIII 702   1.37         0
748.4000    SIV 748   0.500        0
764.4200    SII 764   0.795        0
765.148     NIV 765   0.616       99
765.6930    SII 765   1.19         0
786.48       SV 786   0.999        0
832.927    OIII 832   0.107        6
834.4655    OII 834   0.1320       6
903.9616    CII 903b  0.336        0
920.9631     HI 920   0.001605     1
923.1504     HI 923   0.002216     1
926.2257     HI 926   0.003183     1
930.7483     HI 930   0.004814     1
937.8035     HI 937   0.007799     1
949.7431     HI 949   0.013940     1
972.5368     HI 972   0.029000     1
977.020    CIII 977   0.7620       1
989.799    NIII 989   0.106600     1
1025.7223    HI 1025  0.079120     1
1031.9261   OVI 1031  0.13290      1
1036.3367   CII 1036  0.1231       1
1037.6167   OVI 1037  0.06609      1
1083.990    NII 1083  0.1031       1
1193.2897  SiII 1193  0.49910      1
1206.500  SiIII 1206  1.660        1
1215.6701    HI 1215  0.41640      1
1238.821     NV 1238  0.1570       1
1242.804     NV 1242  0.078230     1
1260.4221  SiII 1260  1.0070       1
1302.1685    OI 1302  0.04887      1
1304.3702  SiII 1304  0.0940       4
1334.5323   CII 1334  0.1278       1
1335.7077  CII* 1335  0.1149       1
1393.755   SiIV 1393  0.5280       1
1402.770   SiIV 1402  0.2620       1
1526.7066  SiII 1526  0.1270       9     ! ApJ 504, 921
1548.195    CIV 1548  0.19080      1
1550.770    CIV 1550  0.095220     1
1608.4511  FeII 1608  0.0580      17    ! Bergeson et al. (1996b)
1670.7874  AlII 1670  1.8800       1
1741.5531  NiII 1741  0.0427       7  ! Fedchak et al. (2000)
1808.0130  SiII 1808  0.002186    11  ! Bergeson & Lawler (1993)
1854.7164 AlIII 1854  0.5390       1
1862.7895 AlIII 1862  0.2680       1
2026.136   ZnII 2026  0.48900     13  ! Bergeson & Lawler (1993b)
2344.214   FeII 2344  0.1140       3  ! Morton (2003)
2374.4612  FeII 2374  0.0313       3  ! Morton (2003)
2382.765   FeII 2382  0.320        3  ! Morton (2003)
2586.6500  FeII 2586  0.0691      14  ! Bergeson et al. (1996)
2600.1729  FeII 2600  0.2390      14  ! Bergeson et al. (1996)
2796.352   MgII 2796  0.6123      15
2803.531   MgII 2803  0.3054      15
2852.9642   MgI 2852  1.8100       1
